<?xml version="1.0" encoding="UTF-8"?>
<Site BuildName="Win32-mingw32-make"
	BuildStamp="20230620-1212-Experimental"
	Name="LAPTOP-HVJ1HTP4"
	Generator="ctest-3.26.3"
	CompilerName="C:/msys64/mingw64/bin/g++.exe"
	CompilerVersion="11.3.0"
	OSName="Windows"
	Hostname="LAPTOP-HVJ1HTP4"
	OSRelease=" Personal"
	OSVersion=" (Build 22621)"
	OSPlatform="AMD64"
	Is64Bits="1"
	VendorString="AuthenticAMD"
	VendorID="Advanced Micro Devices"
	FamilyID="15"
	ModelID="0"
	ProcessorCacheSize="64"
	NumberOfLogicalCPU="16"
	NumberOfPhysicalCPU="8"
	TotalVirtualMemory="19820"
	TotalPhysicalMemory="14188"
	LogicalProcessorsPerPhysical="2"
	ProcessorClockFrequency="3193"
	>
	<Testing>
		<StartDateTime>Jun 20 14:12 W. Europe Daylight Time</StartDateTime>
		<StartTestTime>1687263176</StartTestTime>
		<TestList/>
		<EndDateTime>Jun 20 14:12 W. Europe Daylight Time</EndDateTime>
		<EndTestTime>1687263176</EndTestTime>
		<ElapsedMinutes>0</ElapsedMinutes>
	</Testing>
</Site>
